<?xml version="1.0" encoding="UTF-8"?>
<testsuite name="com.shbaek.book.springboot.domain.posts.PostsRepositoryTest" tests="2" skipped="0" failures="0" errors="0" timestamp="2019-12-06T11:17:31" hostname="DESKTOP-UCDUQ89" time="0.201">
  <properties/>
  <testcase name="게시판저장_불러오기" classname="com.shbaek.book.springboot.domain.posts.PostsRepositoryTest" time="0.193"/>
  <testcase name="BaseTimeEntity_등록" classname="com.shbaek.book.springboot.domain.posts.PostsRepositoryTest" time="0.008"/>
  <system-out><![CDATA[20:17:26.973 [Test worker] DEBUG org.springframework.test.context.junit4.SpringJUnit4ClassRunner - SpringJUnit4ClassRunner constructor called with [class com.shbaek.book.springboot.domain.posts.PostsRepositoryTest]
20:17:26.979 [Test worker] DEBUG org.springframework.test.context.BootstrapUtils - Instantiating CacheAwareContextLoaderDelegate from class [org.springframework.test.context.cache.DefaultCacheAwareContextLoaderDelegate]
20:17:26.986 [Test worker] DEBUG org.springframework.test.context.BootstrapUtils - Instantiating BootstrapContext using constructor [public org.springframework.test.context.support.DefaultBootstrapContext(java.lang.Class,org.springframework.test.context.CacheAwareContextLoaderDelegate)]
20:17:27.018 [Test worker] DEBUG org.springframework.test.context.BootstrapUtils - Instantiating TestContextBootstrapper for test class [com.shbaek.book.springboot.domain.posts.PostsRepositoryTest] from class [org.springframework.boot.test.context.SpringBootTestContextBootstrapper]
20:17:27.032 [Test worker] INFO org.springframework.boot.test.context.SpringBootTestContextBootstrapper - Neither @ContextConfiguration nor @ContextHierarchy found for test class [com.shbaek.book.springboot.domain.posts.PostsRepositoryTest], using SpringBootContextLoader
20:17:27.035 [Test worker] DEBUG org.springframework.test.context.support.AbstractContextLoader - Did not detect default resource location for test class [com.shbaek.book.springboot.domain.posts.PostsRepositoryTest]: class path resource [com/shbaek/book/springboot/domain/posts/PostsRepositoryTest-context.xml] does not exist
20:17:27.035 [Test worker] DEBUG org.springframework.test.context.support.AbstractContextLoader - Did not detect default resource location for test class [com.shbaek.book.springboot.domain.posts.PostsRepositoryTest]: class path resource [com/shbaek/book/springboot/domain/posts/PostsRepositoryTestContext.groovy] does not exist
20:17:27.035 [Test worker] INFO org.springframework.test.context.support.AbstractContextLoader - Could not detect default resource locations for test class [com.shbaek.book.springboot.domain.posts.PostsRepositoryTest]: no resource found for suffixes {-context.xml, Context.groovy}.
20:17:27.036 [Test worker] INFO org.springframework.test.context.support.AnnotationConfigContextLoaderUtils - Could not detect default configuration classes for test class [com.shbaek.book.springboot.domain.posts.PostsRepositoryTest]: PostsRepositoryTest does not declare any static, non-private, non-final, nested classes annotated with @Configuration.
20:17:27.068 [Test worker] DEBUG org.springframework.test.context.support.ActiveProfilesUtils - Could not find an 'annotation declaring class' for annotation type [org.springframework.test.context.ActiveProfiles] and class [com.shbaek.book.springboot.domain.posts.PostsRepositoryTest]
20:17:27.128 [Test worker] DEBUG org.springframework.context.annotation.ClassPathScanningCandidateComponentProvider - Identified candidate component class: file [C:\Users\shbaek\workspace\springboot2-werbservice\build\classes\java\main\com\shbaek\book\springboot\Application.class]
20:17:27.129 [Test worker] INFO org.springframework.boot.test.context.SpringBootTestContextBootstrapper - Found @SpringBootConfiguration com.shbaek.book.springboot.Application for test class com.shbaek.book.springboot.domain.posts.PostsRepositoryTest
20:17:27.210 [Test worker] DEBUG org.springframework.boot.test.context.SpringBootTestContextBootstrapper - @TestExecutionListeners is not present for class [com.shbaek.book.springboot.domain.posts.PostsRepositoryTest]: using defaults.
20:17:27.210 [Test worker] INFO org.springframework.boot.test.context.SpringBootTestContextBootstrapper - Loaded default TestExecutionListener class names from location [META-INF/spring.factories]: [org.springframework.security.test.context.support.WithSecurityContextTestExecutionListener, org.springframework.security.test.context.support.ReactorContextTestExecutionListener, org.springframework.boot.test.autoconfigure.restdocs.RestDocsTestExecutionListener, org.springframework.boot.test.autoconfigure.web.client.MockRestServiceServerResetTestExecutionListener, org.springframework.boot.test.autoconfigure.web.servlet.MockMvcPrintOnlyOnFailureTestExecutionListener, org.springframework.boot.test.autoconfigure.web.servlet.WebDriverTestExecutionListener, org.springframework.boot.test.mock.mockito.MockitoTestExecutionListener, org.springframework.boot.test.mock.mockito.ResetMocksTestExecutionListener, org.springframework.test.context.web.ServletTestExecutionListener, org.springframework.test.context.support.DirtiesContextBeforeModesTestExecutionListener, org.springframework.test.context.support.DependencyInjectionTestExecutionListener, org.springframework.test.context.support.DirtiesContextTestExecutionListener, org.springframework.test.context.transaction.TransactionalTestExecutionListener, org.springframework.test.context.jdbc.SqlScriptsTestExecutionListener, org.springframework.test.context.event.EventPublishingTestExecutionListener]
20:17:27.225 [Test worker] INFO org.springframework.boot.test.context.SpringBootTestContextBootstrapper - Using TestExecutionListeners: [org.springframework.test.context.web.ServletTestExecutionListener@29751f1f, org.springframework.test.context.support.DirtiesContextBeforeModesTestExecutionListener@371ea96e, org.springframework.boot.test.mock.mockito.MockitoTestExecutionListener@3a06d116, org.springframework.boot.test.autoconfigure.SpringBootDependencyInjectionTestExecutionListener@2c23266, org.springframework.test.context.support.DirtiesContextTestExecutionListener@34e48c6, org.springframework.test.context.transaction.TransactionalTestExecutionListener@41d9d418, org.springframework.test.context.jdbc.SqlScriptsTestExecutionListener@4d5b3354, org.springframework.security.test.context.support.WithSecurityContextTestExecutionListener@5e99699b, org.springframework.test.context.event.EventPublishingTestExecutionListener@2f6002f6, org.springframework.security.test.context.support.ReactorContextTestExecutionListener@20966a16, org.springframework.boot.test.autoconfigure.restdocs.RestDocsTestExecutionListener@34c32cc3, org.springframework.boot.test.autoconfigure.web.client.MockRestServiceServerResetTestExecutionListener@21034e71, org.springframework.boot.test.autoconfigure.web.servlet.MockMvcPrintOnlyOnFailureTestExecutionListener@e5b8f15, org.springframework.boot.test.autoconfigure.web.servlet.WebDriverTestExecutionListener@1d8e9212, org.springframework.boot.test.mock.mockito.ResetMocksTestExecutionListener@30060054]
20:17:27.227 [Test worker] DEBUG org.springframework.test.annotation.ProfileValueUtils - Retrieved @ProfileValueSourceConfiguration [null] for test class [com.shbaek.book.springboot.domain.posts.PostsRepositoryTest]
20:17:27.228 [Test worker] DEBUG org.springframework.test.annotation.ProfileValueUtils - Retrieved ProfileValueSource type [class org.springframework.test.annotation.SystemProfileValueSource] for class [com.shbaek.book.springboot.domain.posts.PostsRepositoryTest]
20:17:27.228 [Test worker] DEBUG org.springframework.test.annotation.ProfileValueUtils - Retrieved @ProfileValueSourceConfiguration [null] for test class [com.shbaek.book.springboot.domain.posts.PostsRepositoryTest]
20:17:27.228 [Test worker] DEBUG org.springframework.test.annotation.ProfileValueUtils - Retrieved ProfileValueSource type [class org.springframework.test.annotation.SystemProfileValueSource] for class [com.shbaek.book.springboot.domain.posts.PostsRepositoryTest]
20:17:27.231 [Test worker] DEBUG org.springframework.test.context.support.AbstractDirtiesContextTestExecutionListener - Before test class: context [DefaultTestContext@5762ecb7 testClass = PostsRepositoryTest, testInstance = [null], testMethod = [null], testException = [null], mergedContextConfiguration = [WebMergedContextConfiguration@7480e8b1 testClass = PostsRepositoryTest, locations = '{}', classes = '{class com.shbaek.book.springboot.Application}', contextInitializerClasses = '[]', activeProfiles = '{}', propertySourceLocations = '{}', propertySourceProperties = '{org.springframework.boot.test.context.SpringBootTestContextBootstrapper=true}', contextCustomizers = set[org.springframework.boot.test.autoconfigure.properties.PropertyMappingContextCustomizer@0, org.springframework.boot.test.autoconfigure.web.servlet.WebDriverContextCustomizerFactory$Customizer@338441b7, org.springframework.boot.test.context.filter.ExcludeFilterContextCustomizer@13d01ba8, org.springframework.boot.test.json.DuplicateJsonObjectContextCustomizerFactory$DuplicateJsonObjectContextCustomizer@1988db8c, org.springframework.boot.test.mock.mockito.MockitoContextCustomizer@0, org.springframework.boot.test.web.client.TestRestTemplateContextCustomizer@62a2cf56], resourceBasePath = 'src/main/webapp', contextLoader = 'org.springframework.boot.test.context.SpringBootContextLoader', parent = [null]], attributes = map['org.springframework.test.context.web.ServletTestExecutionListener.activateListener' -> true]], class annotated with @DirtiesContext [false] with mode [null].
20:17:27.232 [Test worker] DEBUG org.springframework.test.annotation.ProfileValueUtils - Retrieved @ProfileValueSourceConfiguration [null] for test class [com.shbaek.book.springboot.domain.posts.PostsRepositoryTest]
20:17:27.233 [Test worker] DEBUG org.springframework.test.annotation.ProfileValueUtils - Retrieved ProfileValueSource type [class org.springframework.test.annotation.SystemProfileValueSource] for class [com.shbaek.book.springboot.domain.posts.PostsRepositoryTest]
20:17:27.248 [Test worker] DEBUG org.springframework.test.context.support.TestPropertySourceUtils - Adding inlined properties to environment: {spring.jmx.enabled=false, org.springframework.boot.test.context.SpringBootTestContextBootstrapper=true, server.port=-1}

  .   ____          _            __ _ _
 /\\ / ___'_ __ _ _(_)_ __  __ _ \ \ \ \
( ( )\___ | '_ | '_| | '_ \/ _` | \ \ \ \
 \\/  ___)| |_)| | | | | || (_| |  ) ) ) )
  '  |____| .__|_| |_|_| |_\__, | / / / /
 =========|_|==============|___/=/_/_/_/
 :: Spring Boot ::        (v2.2.0.RELEASE)

2019-12-06 20:17:27.445  INFO 888 --- [    Test worker] c.s.b.s.d.posts.PostsRepositoryTest      : Starting PostsRepositoryTest on DESKTOP-UCDUQ89 with PID 888 (started by shbaek in C:\Users\shbaek\workspace\springboot2-werbservice)
2019-12-06 20:17:27.446  INFO 888 --- [    Test worker] c.s.b.s.d.posts.PostsRepositoryTest      : The following profiles are active: oauth
2019-12-06 20:17:28.043  INFO 888 --- [    Test worker] .s.d.r.c.RepositoryConfigurationDelegate : Bootstrapping Spring Data repositories in DEFAULT mode.
2019-12-06 20:17:28.104  INFO 888 --- [    Test worker] .s.d.r.c.RepositoryConfigurationDelegate : Finished Spring Data repository scanning in 53ms. Found 2 repository interfaces.
2019-12-06 20:17:28.477  INFO 888 --- [    Test worker] trationDelegate$BeanPostProcessorChecker : Bean 'org.springframework.transaction.annotation.ProxyTransactionManagementConfiguration' of type [org.springframework.transaction.annotation.ProxyTransactionManagementConfiguration] is not eligible for getting processed by all BeanPostProcessors (for example: not eligible for auto-proxying)
2019-12-06 20:17:28.602  INFO 888 --- [    Test worker] com.zaxxer.hikari.HikariDataSource       : HikariPool-1 - Starting...
2019-12-06 20:17:28.759  INFO 888 --- [    Test worker] com.zaxxer.hikari.HikariDataSource       : HikariPool-1 - Start completed.
2019-12-06 20:17:28.812  INFO 888 --- [    Test worker] o.hibernate.jpa.internal.util.LogHelper  : HHH000204: Processing PersistenceUnitInfo [name: default]
2019-12-06 20:17:28.868  INFO 888 --- [    Test worker] org.hibernate.Version                    : HHH000412: Hibernate Core {5.4.6.Final}
2019-12-06 20:17:28.994  INFO 888 --- [    Test worker] o.hibernate.annotations.common.Version   : HCANN000001: Hibernate Commons Annotations {5.1.0.Final}
2019-12-06 20:17:29.083  INFO 888 --- [    Test worker] org.hibernate.dialect.Dialect            : HHH000400: Using dialect: org.hibernate.dialect.MySQL5InnoDBDialect
Hibernate: drop table if exists posts
Hibernate: drop table if exists user
Hibernate: create table posts (id bigint not null auto_increment, created_date datetime, modified_date datetime, author varchar(255), content TEXT not null, title varchar(500) not null, primary key (id)) engine=InnoDB
Hibernate: create table user (id bigint not null auto_increment, created_date datetime, modified_date datetime, email varchar(255) not null, name varchar(255) not null, picture varchar(255), role varchar(255) not null, primary key (id)) engine=InnoDB
2019-12-06 20:17:29.635  INFO 888 --- [    Test worker] o.h.e.t.j.p.i.JtaPlatformInitiator       : HHH000490: Using JtaPlatform implementation: [org.hibernate.engine.transaction.jta.platform.internal.NoJtaPlatform]
2019-12-06 20:17:29.641  INFO 888 --- [    Test worker] j.LocalContainerEntityManagerFactoryBean : Initialized JPA EntityManagerFactory for persistence unit 'default'
2019-12-06 20:17:29.985  WARN 888 --- [    Test worker] JpaBaseConfiguration$JpaWebConfiguration : spring.jpa.open-in-view is enabled by default. Therefore, database queries may be performed during view rendering. Explicitly configure spring.jpa.open-in-view to disable this warning
2019-12-06 20:17:30.409  INFO 888 --- [    Test worker] o.s.s.web.DefaultSecurityFilterChain     : Creating filter chain: any request, [org.springframework.security.web.context.request.async.WebAsyncManagerIntegrationFilter@2b6eef61, org.springframework.security.web.context.SecurityContextPersistenceFilter@27a5c57b, org.springframework.security.web.header.HeaderWriterFilter@358db2ee, org.springframework.security.web.authentication.logout.LogoutFilter@2177f72e, org.springframework.security.oauth2.client.web.OAuth2AuthorizationRequestRedirectFilter@48d26ac8, org.springframework.security.oauth2.client.web.OAuth2LoginAuthenticationFilter@2c3a716f, org.springframework.security.web.authentication.ui.DefaultLoginPageGeneratingFilter@732a8fae, org.springframework.security.web.authentication.ui.DefaultLogoutPageGeneratingFilter@45da1b38, org.springframework.security.web.savedrequest.RequestCacheAwareFilter@10a195d7, org.springframework.security.web.servletapi.SecurityContextHolderAwareRequestFilter@64c968f4, org.springframework.security.web.authentication.AnonymousAuthenticationFilter@3d0476ef, org.springframework.security.web.session.SessionManagementFilter@7536e547, org.springframework.security.web.access.ExceptionTranslationFilter@5e310979, org.springframework.security.web.access.intercept.FilterSecurityInterceptor@31057630]
2019-12-06 20:17:30.819  INFO 888 --- [    Test worker] o.s.s.concurrent.ThreadPoolTaskExecutor  : Initializing ExecutorService 'applicationTaskExecutor'
2019-12-06 20:17:30.895  INFO 888 --- [    Test worker] o.s.b.a.w.s.WelcomePageHandlerMapping    : Adding welcome page template: index
2019-12-06 20:17:31.043  INFO 888 --- [    Test worker] o.s.b.a.h2.H2ConsoleAutoConfiguration    : H2 console available at '/console'. Database available at 'jdbc:h2:mem:testdb'
2019-12-06 20:17:31.179  INFO 888 --- [    Test worker] s.a.ScheduledAnnotationBeanPostProcessor : No TaskScheduler/ScheduledExecutorService bean found for scheduled processing
2019-12-06 20:17:31.187  INFO 888 --- [    Test worker] c.s.b.s.d.posts.PostsRepositoryTest      : Started PostsRepositoryTest in 3.933 seconds (JVM running for 4.81)
Hibernate: insert into posts (created_date, modified_date, author, content, title) values (?, ?, ?, ?, ?)
Hibernate: select posts0_.id as id1_0_, posts0_.created_date as created_2_0_, posts0_.modified_date as modified3_0_, posts0_.author as author4_0_, posts0_.content as content5_0_, posts0_.title as title6_0_ from posts posts0_
Hibernate: select posts0_.id as id1_0_, posts0_.created_date as created_2_0_, posts0_.modified_date as modified3_0_, posts0_.author as author4_0_, posts0_.content as content5_0_, posts0_.title as title6_0_ from posts posts0_
Hibernate: delete from posts where id=?
Hibernate: insert into posts (created_date, modified_date, author, content, title) values (?, ?, ?, ?, ?)
Hibernate: select posts0_.id as id1_0_, posts0_.created_date as created_2_0_, posts0_.modified_date as modified3_0_, posts0_.author as author4_0_, posts0_.content as content5_0_, posts0_.title as title6_0_ from posts posts0_
>>>>>>>>>>>>>> createDate = 2019-12-06T20:17:31.399, modifitedDte = 2019-12-06T20:17:31.399
Hibernate: select posts0_.id as id1_0_, posts0_.created_date as created_2_0_, posts0_.modified_date as modified3_0_, posts0_.author as author4_0_, posts0_.content as content5_0_, posts0_.title as title6_0_ from posts posts0_
Hibernate: delete from posts where id=?
]]></system-out>
  <system-err><![CDATA[]]></system-err>
</testsuite>
