<?xml version="1.0" encoding="UTF-8"?>
<testsuite name="com.shbaek.book.springboot.domain.posts.PostsRepositoryTest" tests="2" skipped="0" failures="0" errors="0" timestamp="2019-12-05T14:44:19" hostname="DESKTOP-UCDUQ89" time="0.141">
  <properties/>
  <testcase name="게시판저장_불러오기" classname="com.shbaek.book.springboot.domain.posts.PostsRepositoryTest" time="0.135"/>
  <testcase name="BaseTimeEntity_등록" classname="com.shbaek.book.springboot.domain.posts.PostsRepositoryTest" time="0.006"/>
  <system-out><![CDATA[2019-12-05 23:44:16.561  INFO 12556 --- [    Test worker] .b.t.c.SpringBootTestContextBootstrapper : Neither @ContextConfiguration nor @ContextHierarchy found for test class [com.shbaek.book.springboot.domain.posts.PostsRepositoryTest], using SpringBootContextLoader
2019-12-05 23:44:16.561  INFO 12556 --- [    Test worker] o.s.t.c.support.AbstractContextLoader    : Could not detect default resource locations for test class [com.shbaek.book.springboot.domain.posts.PostsRepositoryTest]: no resource found for suffixes {-context.xml, Context.groovy}.
2019-12-05 23:44:16.561  INFO 12556 --- [    Test worker] t.c.s.AnnotationConfigContextLoaderUtils : Could not detect default configuration classes for test class [com.shbaek.book.springboot.domain.posts.PostsRepositoryTest]: PostsRepositoryTest does not declare any static, non-private, non-final, nested classes annotated with @Configuration.
2019-12-05 23:44:16.567  INFO 12556 --- [    Test worker] .b.t.c.SpringBootTestContextBootstrapper : Found @SpringBootConfiguration com.shbaek.book.springboot.Application for test class com.shbaek.book.springboot.domain.posts.PostsRepositoryTest
2019-12-05 23:44:16.568  INFO 12556 --- [    Test worker] .b.t.c.SpringBootTestContextBootstrapper : Loaded default TestExecutionListener class names from location [META-INF/spring.factories]: [org.springframework.security.test.context.support.WithSecurityContextTestExecutionListener, org.springframework.security.test.context.support.ReactorContextTestExecutionListener, org.springframework.boot.test.autoconfigure.restdocs.RestDocsTestExecutionListener, org.springframework.boot.test.autoconfigure.web.client.MockRestServiceServerResetTestExecutionListener, org.springframework.boot.test.autoconfigure.web.servlet.MockMvcPrintOnlyOnFailureTestExecutionListener, org.springframework.boot.test.autoconfigure.web.servlet.WebDriverTestExecutionListener, org.springframework.boot.test.mock.mockito.MockitoTestExecutionListener, org.springframework.boot.test.mock.mockito.ResetMocksTestExecutionListener, org.springframework.test.context.web.ServletTestExecutionListener, org.springframework.test.context.support.DirtiesContextBeforeModesTestExecutionListener, org.springframework.test.context.support.DependencyInjectionTestExecutionListener, org.springframework.test.context.support.DirtiesContextTestExecutionListener, org.springframework.test.context.transaction.TransactionalTestExecutionListener, org.springframework.test.context.jdbc.SqlScriptsTestExecutionListener, org.springframework.test.context.event.EventPublishingTestExecutionListener]
2019-12-05 23:44:16.569  INFO 12556 --- [    Test worker] .b.t.c.SpringBootTestContextBootstrapper : Using TestExecutionListeners: [org.springframework.test.context.web.ServletTestExecutionListener@11b45661, org.springframework.test.context.support.DirtiesContextBeforeModesTestExecutionListener@ed270f1, org.springframework.boot.test.mock.mockito.MockitoTestExecutionListener@724d38c2, org.springframework.boot.test.autoconfigure.SpringBootDependencyInjectionTestExecutionListener@13aa8663, org.springframework.test.context.support.DirtiesContextTestExecutionListener@201edd29, org.springframework.test.context.transaction.TransactionalTestExecutionListener@3d566423, org.springframework.test.context.jdbc.SqlScriptsTestExecutionListener@2646d063, org.springframework.security.test.context.support.WithSecurityContextTestExecutionListener@6198d356, org.springframework.test.context.event.EventPublishingTestExecutionListener@3739bdd9, org.springframework.security.test.context.support.ReactorContextTestExecutionListener@3940b061, org.springframework.boot.test.autoconfigure.restdocs.RestDocsTestExecutionListener@2995bae2, org.springframework.boot.test.autoconfigure.web.client.MockRestServiceServerResetTestExecutionListener@e30dee5, org.springframework.boot.test.autoconfigure.web.servlet.MockMvcPrintOnlyOnFailureTestExecutionListener@741d6d8f, org.springframework.boot.test.autoconfigure.web.servlet.WebDriverTestExecutionListener@48e218d5, org.springframework.boot.test.mock.mockito.ResetMocksTestExecutionListener@4c24f981]

  .   ____          _            __ _ _
 /\\ / ___'_ __ _ _(_)_ __  __ _ \ \ \ \
( ( )\___ | '_ | '_| | '_ \/ _` | \ \ \ \
 \\/  ___)| |_)| | | | | || (_| |  ) ) ) )
  '  |____| .__|_| |_|_| |_\__, | / / / /
 =========|_|==============|___/=/_/_/_/
 :: Spring Boot ::        (v2.2.0.RELEASE)

2019-12-05 23:44:16.593  INFO 12556 --- [    Test worker] c.s.b.s.d.posts.PostsRepositoryTest      : Starting PostsRepositoryTest on DESKTOP-UCDUQ89 with PID 12556 (started by shbaek in C:\Users\shbaek\workspace\springboot2-werbservice)
2019-12-05 23:44:16.593  INFO 12556 --- [    Test worker] c.s.b.s.d.posts.PostsRepositoryTest      : The following profiles are active: oauth
2019-12-05 23:44:16.828  INFO 12556 --- [    Test worker] .s.d.r.c.RepositoryConfigurationDelegate : Bootstrapping Spring Data repositories in DEFAULT mode.
2019-12-05 23:44:16.876  INFO 12556 --- [    Test worker] .s.d.r.c.RepositoryConfigurationDelegate : Finished Spring Data repository scanning in 42ms. Found 2 repository interfaces.
2019-12-05 23:44:17.059  INFO 12556 --- [    Test worker] trationDelegate$BeanPostProcessorChecker : Bean 'org.springframework.transaction.annotation.ProxyTransactionManagementConfiguration' of type [org.springframework.transaction.annotation.ProxyTransactionManagementConfiguration] is not eligible for getting processed by all BeanPostProcessors (for example: not eligible for auto-proxying)
2019-12-05 23:44:17.153  INFO 12556 --- [    Test worker] com.zaxxer.hikari.HikariDataSource       : HikariPool-1 - Starting...
2019-12-05 23:44:17.276  INFO 12556 --- [    Test worker] com.zaxxer.hikari.HikariDataSource       : HikariPool-1 - Start completed.
2019-12-05 23:44:17.324  INFO 12556 --- [    Test worker] o.hibernate.jpa.internal.util.LogHelper  : HHH000204: Processing PersistenceUnitInfo [name: default]
2019-12-05 23:44:17.382  INFO 12556 --- [    Test worker] org.hibernate.Version                    : HHH000412: Hibernate Core {5.4.6.Final}
2019-12-05 23:44:17.427  INFO 12556 --- [    Test worker] o.hibernate.annotations.common.Version   : HCANN000001: Hibernate Commons Annotations {5.1.0.Final}
2019-12-05 23:44:17.518  INFO 12556 --- [    Test worker] org.hibernate.dialect.Dialect            : HHH000400: Using dialect: org.hibernate.dialect.MySQL5InnoDBDialect
Hibernate: drop table if exists posts
Hibernate: drop table if exists user
Hibernate: create table posts (id bigint not null auto_increment, created_date datetime, modified_date datetime, author varchar(255), content TEXT not null, title varchar(500) not null, primary key (id)) engine=InnoDB
Hibernate: create table user (id bigint not null auto_increment, created_date datetime, modified_date datetime, email varchar(255) not null, name varchar(255) not null, picture varchar(255), role varchar(255) not null, primary key (id)) engine=InnoDB
2019-12-05 23:44:18.081  INFO 12556 --- [    Test worker] o.h.e.t.j.p.i.JtaPlatformInitiator       : HHH000490: Using JtaPlatform implementation: [org.hibernate.engine.transaction.jta.platform.internal.NoJtaPlatform]
2019-12-05 23:44:18.086  INFO 12556 --- [    Test worker] j.LocalContainerEntityManagerFactoryBean : Initialized JPA EntityManagerFactory for persistence unit 'default'
2019-12-05 23:44:18.511  WARN 12556 --- [    Test worker] JpaBaseConfiguration$JpaWebConfiguration : spring.jpa.open-in-view is enabled by default. Therefore, database queries may be performed during view rendering. Explicitly configure spring.jpa.open-in-view to disable this warning
2019-12-05 23:44:18.771  INFO 12556 --- [    Test worker] o.s.s.web.DefaultSecurityFilterChain     : Creating filter chain: any request, [org.springframework.security.web.context.request.async.WebAsyncManagerIntegrationFilter@4069fc84, org.springframework.security.web.context.SecurityContextPersistenceFilter@519ad02b, org.springframework.security.web.header.HeaderWriterFilter@2fd8712f, org.springframework.security.web.authentication.logout.LogoutFilter@5d5c0361, org.springframework.security.oauth2.client.web.OAuth2AuthorizationRequestRedirectFilter@30cc5c3c, org.springframework.security.oauth2.client.web.OAuth2LoginAuthenticationFilter@6ed49f9c, org.springframework.security.web.authentication.ui.DefaultLoginPageGeneratingFilter@13b3a67a, org.springframework.security.web.authentication.ui.DefaultLogoutPageGeneratingFilter@7bafec7a, org.springframework.security.web.savedrequest.RequestCacheAwareFilter@281c34d7, org.springframework.security.web.servletapi.SecurityContextHolderAwareRequestFilter@44a179f2, org.springframework.security.web.authentication.AnonymousAuthenticationFilter@314db4ec, org.springframework.security.web.session.SessionManagementFilter@5851e28e, org.springframework.security.web.access.ExceptionTranslationFilter@727171ce, org.springframework.security.web.access.intercept.FilterSecurityInterceptor@2d6bddcb]
2019-12-05 23:44:18.946  INFO 12556 --- [    Test worker] o.s.s.concurrent.ThreadPoolTaskExecutor  : Initializing ExecutorService 'applicationTaskExecutor'
2019-12-05 23:44:18.977  INFO 12556 --- [    Test worker] o.s.b.a.w.s.WelcomePageHandlerMapping    : Adding welcome page template: index
2019-12-05 23:44:19.088  INFO 12556 --- [    Test worker] o.s.b.a.h2.H2ConsoleAutoConfiguration    : H2 console available at '/console'. Database available at 'jdbc:h2:mem:testdb'
2019-12-05 23:44:19.216  INFO 12556 --- [    Test worker] s.a.ScheduledAnnotationBeanPostProcessor : No TaskScheduler/ScheduledExecutorService bean found for scheduled processing
2019-12-05 23:44:19.221  INFO 12556 --- [    Test worker] c.s.b.s.d.posts.PostsRepositoryTest      : Started PostsRepositoryTest in 2.65 seconds (JVM running for 5.227)
Hibernate: insert into posts (created_date, modified_date, author, content, title) values (?, ?, ?, ?, ?)
Hibernate: select posts0_.id as id1_0_, posts0_.created_date as created_2_0_, posts0_.modified_date as modified3_0_, posts0_.author as author4_0_, posts0_.content as content5_0_, posts0_.title as title6_0_ from posts posts0_
Hibernate: select posts0_.id as id1_0_, posts0_.created_date as created_2_0_, posts0_.modified_date as modified3_0_, posts0_.author as author4_0_, posts0_.content as content5_0_, posts0_.title as title6_0_ from posts posts0_
Hibernate: delete from posts where id=?
Hibernate: insert into posts (created_date, modified_date, author, content, title) values (?, ?, ?, ?, ?)
Hibernate: select posts0_.id as id1_0_, posts0_.created_date as created_2_0_, posts0_.modified_date as modified3_0_, posts0_.author as author4_0_, posts0_.content as content5_0_, posts0_.title as title6_0_ from posts posts0_
>>>>>>>>>>>>>> createDate = 2019-12-05T23:44:19.361, modifitedDte = 2019-12-05T23:44:19.361
Hibernate: select posts0_.id as id1_0_, posts0_.created_date as created_2_0_, posts0_.modified_date as modified3_0_, posts0_.author as author4_0_, posts0_.content as content5_0_, posts0_.title as title6_0_ from posts posts0_
Hibernate: delete from posts where id=?
]]></system-out>
  <system-err><![CDATA[]]></system-err>
</testsuite>
